# JRE version: OpenJDK Runtime Environment (10.0.2+13) (build 10.0.2+13-Ubuntu-1ubuntu0.18.04.3)
# Java VM: OpenJDK 64-Bit Server VM (10.0.2+13-Ubuntu-1ubuntu0.18.04.3, mixed mode, tiered, g1 gc, linux-amd64)
Heap:
 garbage-first heap   total 8847360K, used 1224515K [0x00007fc914000000, 0x00007fe214000000)
  region size 16384K, 1 young (16384K), 1 survivors (16384K)
 Metaspace       used 19381K, capacity 19649K, committed 19968K, reserved 20480K
GC Heap History (10 events):
Event: 1.790 GC heap after
{Heap after GC invocations=14 (full 0):
 garbage-first heap   total 983040K, used 739465K [0x00007fc914000000, 0x00007fe214000000)
  region size 16384K, 1 young (16384K), 1 survivors (16384K)
 Metaspace       used 19302K, capacity 19521K, committed 19712K, reserved 20480K
}
Event: 1.820 GC heap before
{Heap before GC invocations=14 (full 0):
 garbage-first heap   total 983040K, used 772233K [0x00007fc914000000, 0x00007fe214000000)
  region size 16384K, 3 young (49152K), 1 survivors (16384K)
 Metaspace       used 19302K, capacity 19521K, committed 19712K, reserved 20480K
}
Event: 1.840 GC heap after
{Heap after GC invocations=15 (full 0):
 garbage-first heap   total 2949120K, used 782170K [0x00007fc914000000, 0x00007fe214000000)
  region size 16384K, 1 young (16384K), 1 survivors (16384K)
 Metaspace       used 19302K, capacity 19521K, committed 19712K, reserved 20480K
}
Event: 1.998 GC heap before
{Heap before GC invocations=16 (full 0):
 garbage-first heap   total 2949120K, used 896858K [0x00007fc914000000, 0x00007fe214000000)
  region size 16384K, 11 young (180224K), 1 survivors (16384K)
 Metaspace       used 19304K, capacity 19521K, committed 19712K, reserved 20480K
}
Event: 2.052 GC heap after
{Heap after GC invocations=17 (full 0):
 garbage-first heap   total 2949120K, used 897685K [0x00007fc914000000, 0x00007fe214000000)
  region size 16384K, 2 young (32768K), 2 survivors (32768K)
 Metaspace       used 19304K, capacity 19521K, committed 19712K, reserved 20480K
}
Event: 2.201 GC heap before
{Heap before GC invocations=17 (full 0):
 garbage-first heap   total 2949120K, used 1192597K [0x00007fc914000000, 0x00007fe214000000)
  region size 16384K, 15 young (245760K), 2 survivors (32768K)
 Metaspace       used 19304K, capacity 19521K, committed 19712K, reserved 20480K
}
Event: 2.283 GC heap after
{Heap after GC invocations=18 (full 0):
 garbage-first heap   total 2949120K, used 1203250K [0x00007fc914000000, 0x00007fe214000000)
  region size 16384K, 2 young (32768K), 2 survivors (32768K)
 Metaspace       used 19304K, capacity 19521K, committed 19712K, reserved 20480K
}
Event: 2.448 GC heap before
{Heap before GC invocations=18 (full 0):
 garbage-first heap   total 2949120K, used 1449010K [0x00007fc914000000, 0x00007fe214000000)
  region size 16384K, 17 young (278528K), 2 survivors (32768K)
 Metaspace       used 19381K, capacity 19649K, committed 19968K, reserved 20480K
}
Event: 2.462 GC heap after
{Heap after GC invocations=19 (full 0):
 garbage-first heap   total 2949120K, used 1226386K [0x00007fc914000000, 0x00007fe214000000)
  region size 16384K, 1 young (16384K), 1 survivors (16384K)
 Metaspace       used 19381K, capacity 19649K, committed 19968K, reserved 20480K
}
Event: 2.603 GC heap before
{Heap before GC invocations=19 (full 0):
 garbage-first heap   total 2949120K, used 1554066K [0x00007fc914000000, 0x00007fe214000000)
  region size 16384K, 21 young (344064K), 1 survivors (16384K)
 Metaspace       used 19381K, capacity 19649K, committed 19968K, reserved 20480K
}

