# JRE version: OpenJDK Runtime Environment (10.0.2+13) (build 10.0.2+13-Ubuntu-1ubuntu0.18.04.3)
# Java VM: OpenJDK 64-Bit Server VM (10.0.2+13-Ubuntu-1ubuntu0.18.04.3, mixed mode, tiered, g1 gc, linux-amd64)
Heap:
 garbage-first heap   total 8257536K, used 1284453K [0x00007eec0c000000, 0x00007f050c000000)
  region size 16384K, 1 young (16384K), 1 survivors (16384K)
 Metaspace       used 19364K, capacity 19648K, committed 19712K, reserved 20480K
GC Heap History (10 events):
Event: 1.266 GC heap after
{Heap after GC invocations=12 (full 0):
 garbage-first heap   total 917504K, used 585983K [0x00007eec0c000000, 0x00007f050c000000)
  region size 16384K, 1 young (16384K), 1 survivors (16384K)
 Metaspace       used 19284K, capacity 19456K, committed 19712K, reserved 20480K
}
Event: 1.320 GC heap before
{Heap before GC invocations=12 (full 0):
 garbage-first heap   total 917504K, used 651519K [0x00007eec0c000000, 0x00007f050c000000)
  region size 16384K, 5 young (81920K), 1 survivors (16384K)
 Metaspace       used 19284K, capacity 19456K, committed 19712K, reserved 20480K
}
Event: 1.346 GC heap after
{Heap after GC invocations=13 (full 0):
 garbage-first heap   total 2752512K, used 660506K [0x00007eec0c000000, 0x00007f050c000000)
  region size 16384K, 1 young (16384K), 1 survivors (16384K)
 Metaspace       used 19284K, capacity 19456K, committed 19712K, reserved 20480K
}
Event: 1.495 GC heap before
{Heap before GC invocations=14 (full 0):
 garbage-first heap   total 2752512K, used 840730K [0x00007eec0c000000, 0x00007f050c000000)
  region size 16384K, 11 young (180224K), 1 survivors (16384K)
 Metaspace       used 19284K, capacity 19456K, committed 19712K, reserved 20480K
}
Event: 1.551 GC heap after
{Heap after GC invocations=15 (full 0):
 garbage-first heap   total 2752512K, used 846909K [0x00007eec0c000000, 0x00007f050c000000)
  region size 16384K, 2 young (32768K), 2 survivors (32768K)
 Metaspace       used 19284K, capacity 19456K, committed 19712K, reserved 20480K
}
Event: 1.691 GC heap before
{Heap before GC invocations=15 (full 0):
 garbage-first heap   total 2752512K, used 1141821K [0x00007eec0c000000, 0x00007f050c000000)
  region size 16384K, 15 young (245760K), 2 survivors (32768K)
 Metaspace       used 19284K, capacity 19456K, committed 19712K, reserved 20480K
}
Event: 1.775 GC heap after
{Heap after GC invocations=16 (full 0):
 garbage-first heap   total 2752512K, used 1157123K [0x00007eec0c000000, 0x00007f050c000000)
  region size 16384K, 2 young (32768K), 2 survivors (32768K)
 Metaspace       used 19284K, capacity 19456K, committed 19712K, reserved 20480K
}
Event: 1.933 GC heap before
{Heap before GC invocations=16 (full 0):
 garbage-first heap   total 2752512K, used 1370115K [0x00007eec0c000000, 0x00007f050c000000)
  region size 16384K, 15 young (245760K), 2 survivors (32768K)
 Metaspace       used 19364K, capacity 19648K, committed 19712K, reserved 20480K
}
Event: 1.970 GC heap after
{Heap after GC invocations=17 (full 0):
 garbage-first heap   total 2752512K, used 1261568K [0x00007eec0c000000, 0x00007f050c000000)
  region size 16384K, 2 young (32768K), 2 survivors (32768K)
 Metaspace       used 19364K, capacity 19648K, committed 19712K, reserved 20480K
}
Event: 2.092 GC heap before
{Heap before GC invocations=17 (full 0):
 garbage-first heap   total 2752512K, used 1540096K [0x00007eec0c000000, 0x00007f050c000000)
  region size 16384K, 19 young (311296K), 2 survivors (32768K)
 Metaspace       used 19364K, capacity 19648K, committed 19712K, reserved 20480K
}

