# JRE version: OpenJDK Runtime Environment (10.0.2+13) (build 10.0.2+13-Ubuntu-1ubuntu0.18.04.3)
# Java VM: OpenJDK 64-Bit Server VM (10.0.2+13-Ubuntu-1ubuntu0.18.04.3, mixed mode, tiered, g1 gc, linux-amd64)
Heap:
 garbage-first heap   total 8257536K, used 1274697K [0x00007f6a78000000, 0x00007f8378000000)
  region size 16384K, 1 young (16384K), 1 survivors (16384K)
 Metaspace       used 19347K, capacity 19585K, committed 19712K, reserved 20480K
GC Heap History (10 events):
Event: 1.342 GC heap after
{Heap after GC invocations=12 (full 0):
 garbage-first heap   total 917504K, used 585985K [0x00007f6a78000000, 0x00007f8378000000)
  region size 16384K, 1 young (16384K), 1 survivors (16384K)
 Metaspace       used 19267K, capacity 19457K, committed 19712K, reserved 20480K
}
Event: 1.391 GC heap before
{Heap before GC invocations=12 (full 0):
 garbage-first heap   total 917504K, used 651521K [0x00007f6a78000000, 0x00007f8378000000)
  region size 16384K, 5 young (81920K), 1 survivors (16384K)
 Metaspace       used 19267K, capacity 19457K, committed 19712K, reserved 20480K
}
Event: 1.414 GC heap after
{Heap after GC invocations=13 (full 0):
 garbage-first heap   total 2752512K, used 660506K [0x00007f6a78000000, 0x00007f8378000000)
  region size 16384K, 1 young (16384K), 1 survivors (16384K)
 Metaspace       used 19267K, capacity 19457K, committed 19712K, reserved 20480K
}
Event: 1.583 GC heap before
{Heap before GC invocations=14 (full 0):
 garbage-first heap   total 2752512K, used 840730K [0x00007f6a78000000, 0x00007f8378000000)
  region size 16384K, 11 young (180224K), 1 survivors (16384K)
 Metaspace       used 19267K, capacity 19457K, committed 19712K, reserved 20480K
}
Event: 1.640 GC heap after
{Heap after GC invocations=15 (full 0):
 garbage-first heap   total 2752512K, used 846875K [0x00007f6a78000000, 0x00007f8378000000)
  region size 16384K, 2 young (32768K), 2 survivors (32768K)
 Metaspace       used 19267K, capacity 19457K, committed 19712K, reserved 20480K
}
Event: 1.783 GC heap before
{Heap before GC invocations=15 (full 0):
 garbage-first heap   total 2752512K, used 1125403K [0x00007f6a78000000, 0x00007f8378000000)
  region size 16384K, 14 young (229376K), 2 survivors (32768K)
 Metaspace       used 19267K, capacity 19457K, committed 19712K, reserved 20480K
}
Event: 1.874 GC heap after
{Heap after GC invocations=16 (full 0):
 garbage-first heap   total 2752512K, used 1140753K [0x00007f6a78000000, 0x00007f8378000000)
  region size 16384K, 2 young (32768K), 2 survivors (32768K)
 Metaspace       used 19267K, capacity 19457K, committed 19712K, reserved 20480K
}
Event: 2.055 GC heap before
{Heap before GC invocations=16 (full 0):
 garbage-first heap   total 2752512K, used 1353745K [0x00007f6a78000000, 0x00007f8378000000)
  region size 16384K, 15 young (245760K), 2 survivors (32768K)
 Metaspace       used 19347K, capacity 19585K, committed 19712K, reserved 20480K
}
Event: 2.109 GC heap after
{Heap after GC invocations=17 (full 0):
 garbage-first heap   total 2752512K, used 1255926K [0x00007f6a78000000, 0x00007f8378000000)
  region size 16384K, 2 young (32768K), 2 survivors (32768K)
 Metaspace       used 19347K, capacity 19585K, committed 19712K, reserved 20480K
}
Event: 2.225 GC heap before
{Heap before GC invocations=17 (full 0):
 garbage-first heap   total 2752512K, used 1501686K [0x00007f6a78000000, 0x00007f8378000000)
  region size 16384K, 17 young (278528K), 2 survivors (32768K)
 Metaspace       used 19347K, capacity 19585K, committed 19712K, reserved 20480K
}

