# JRE version: OpenJDK Runtime Environment (10.0.2+13) (build 10.0.2+13-Ubuntu-1ubuntu0.18.04.3)
# Java VM: OpenJDK 64-Bit Server VM (10.0.2+13-Ubuntu-1ubuntu0.18.04.3, mixed mode, tiered, g1 gc, linux-amd64)
Heap:
 garbage-first heap   total 8257536K, used 1280552K [0x00007f3448000000, 0x00007f4d48000000)
  region size 16384K, 1 young (16384K), 1 survivors (16384K)
 Metaspace       used 19350K, capacity 19585K, committed 19712K, reserved 20480K
GC Heap History (10 events):
Event: 1.259 GC heap after
{Heap after GC invocations=12 (full 0):
 garbage-first heap   total 917504K, used 586950K [0x00007f3448000000, 0x00007f4d48000000)
  region size 16384K, 1 young (16384K), 1 survivors (16384K)
 Metaspace       used 19274K, capacity 19457K, committed 19712K, reserved 20480K
}
Event: 1.306 GC heap before
{Heap before GC invocations=12 (full 0):
 garbage-first heap   total 917504K, used 652486K [0x00007f3448000000, 0x00007f4d48000000)
  region size 16384K, 5 young (81920K), 1 survivors (16384K)
 Metaspace       used 19274K, capacity 19457K, committed 19712K, reserved 20480K
}
Event: 1.329 GC heap after
{Heap after GC invocations=13 (full 0):
 garbage-first heap   total 2752512K, used 662221K [0x00007f3448000000, 0x00007f4d48000000)
  region size 16384K, 1 young (16384K), 1 survivors (16384K)
 Metaspace       used 19274K, capacity 19457K, committed 19712K, reserved 20480K
}
Event: 1.480 GC heap before
{Heap before GC invocations=14 (full 0):
 garbage-first heap   total 2752512K, used 842445K [0x00007f3448000000, 0x00007f4d48000000)
  region size 16384K, 11 young (180224K), 1 survivors (16384K)
 Metaspace       used 19274K, capacity 19457K, committed 19712K, reserved 20480K
}
Event: 1.526 GC heap after
{Heap after GC invocations=15 (full 0):
 garbage-first heap   total 2752512K, used 851109K [0x00007f3448000000, 0x00007f4d48000000)
  region size 16384K, 2 young (32768K), 2 survivors (32768K)
 Metaspace       used 19274K, capacity 19457K, committed 19712K, reserved 20480K
}
Event: 1.667 GC heap before
{Heap before GC invocations=15 (full 0):
 garbage-first heap   total 2752512K, used 1146021K [0x00007f3448000000, 0x00007f4d48000000)
  region size 16384K, 15 young (245760K), 2 survivors (32768K)
 Metaspace       used 19274K, capacity 19457K, committed 19712K, reserved 20480K
}
Event: 1.753 GC heap after
{Heap after GC invocations=16 (full 0):
 garbage-first heap   total 2752512K, used 1162265K [0x00007f3448000000, 0x00007f4d48000000)
  region size 16384K, 2 young (32768K), 2 survivors (32768K)
 Metaspace       used 19274K, capacity 19457K, committed 19712K, reserved 20480K
}
Event: 1.903 GC heap before
{Heap before GC invocations=16 (full 0):
 garbage-first heap   total 2752512K, used 1375257K [0x00007f3448000000, 0x00007f4d48000000)
  region size 16384K, 15 young (245760K), 2 survivors (32768K)
 Metaspace       used 19350K, capacity 19585K, committed 19712K, reserved 20480K
}
Event: 1.938 GC heap after
{Heap after GC invocations=17 (full 0):
 garbage-first heap   total 2752512K, used 1265403K [0x00007f3448000000, 0x00007f4d48000000)
  region size 16384K, 2 young (32768K), 2 survivors (32768K)
 Metaspace       used 19350K, capacity 19585K, committed 19712K, reserved 20480K
}
Event: 2.057 GC heap before
{Heap before GC invocations=17 (full 0):
 garbage-first heap   total 2752512K, used 1543931K [0x00007f3448000000, 0x00007f4d48000000)
  region size 16384K, 19 young (311296K), 2 survivors (32768K)
 Metaspace       used 19350K, capacity 19585K, committed 19712K, reserved 20480K
}

