# JRE version: OpenJDK Runtime Environment (10.0.2+13) (build 10.0.2+13-Ubuntu-1ubuntu0.18.04.3)
# Java VM: OpenJDK 64-Bit Server VM (10.0.2+13-Ubuntu-1ubuntu0.18.04.3, mixed mode, tiered, g1 gc, linux-amd64)
Heap:
 garbage-first heap   total 8257536K, used 1273108K [0x00007f5f84000000, 0x00007f7884000000)
  region size 16384K, 1 young (16384K), 1 survivors (16384K)
 Metaspace       used 19344K, capacity 19585K, committed 19712K, reserved 20480K
GC Heap History (10 events):
Event: 1.320 GC heap after
{Heap after GC invocations=12 (full 0):
 garbage-first heap   total 917504K, used 581160K [0x00007f5f84000000, 0x00007f7884000000)
  region size 16384K, 1 young (16384K), 1 survivors (16384K)
 Metaspace       used 19267K, capacity 19457K, committed 19712K, reserved 20480K
}
Event: 1.369 GC heap before
{Heap before GC invocations=12 (full 0):
 garbage-first heap   total 917504K, used 646696K [0x00007f5f84000000, 0x00007f7884000000)
  region size 16384K, 5 young (81920K), 1 survivors (16384K)
 Metaspace       used 19267K, capacity 19457K, committed 19712K, reserved 20480K
}
Event: 1.392 GC heap after
{Heap after GC invocations=13 (full 0):
 garbage-first heap   total 2752512K, used 658791K [0x00007f5f84000000, 0x00007f7884000000)
  region size 16384K, 1 young (16384K), 1 survivors (16384K)
 Metaspace       used 19267K, capacity 19457K, committed 19712K, reserved 20480K
}
Event: 1.566 GC heap before
{Heap before GC invocations=14 (full 0):
 garbage-first heap   total 2752512K, used 839015K [0x00007f5f84000000, 0x00007f7884000000)
  region size 16384K, 11 young (180224K), 1 survivors (16384K)
 Metaspace       used 19267K, capacity 19457K, committed 19712K, reserved 20480K
}
Event: 1.622 GC heap after
{Heap after GC invocations=15 (full 0):
 garbage-first heap   total 2752512K, used 846874K [0x00007f5f84000000, 0x00007f7884000000)
  region size 16384K, 2 young (32768K), 2 survivors (32768K)
 Metaspace       used 19267K, capacity 19457K, committed 19712K, reserved 20480K
}
Event: 1.770 GC heap before
{Heap before GC invocations=15 (full 0):
 garbage-first heap   total 2752512K, used 1141786K [0x00007f5f84000000, 0x00007f7884000000)
  region size 16384K, 15 young (245760K), 2 survivors (32768K)
 Metaspace       used 19267K, capacity 19457K, committed 19712K, reserved 20480K
}
Event: 1.857 GC heap after
{Heap after GC invocations=16 (full 0):
 garbage-first heap   total 2752512K, used 1152008K [0x00007f5f84000000, 0x00007f7884000000)
  region size 16384K, 2 young (32768K), 2 survivors (32768K)
 Metaspace       used 19267K, capacity 19457K, committed 19712K, reserved 20480K
}
Event: 2.013 GC heap before
{Heap before GC invocations=16 (full 0):
 garbage-first heap   total 2752512K, used 1365000K [0x00007f5f84000000, 0x00007f7884000000)
  region size 16384K, 15 young (245760K), 2 survivors (32768K)
 Metaspace       used 19344K, capacity 19585K, committed 19712K, reserved 20480K
}
Event: 2.051 GC heap after
{Heap after GC invocations=17 (full 0):
 garbage-first heap   total 2752512K, used 1256690K [0x00007f5f84000000, 0x00007f7884000000)
  region size 16384K, 2 young (32768K), 2 survivors (32768K)
 Metaspace       used 19344K, capacity 19585K, committed 19712K, reserved 20480K
}
Event: 2.167 GC heap before
{Heap before GC invocations=17 (full 0):
 garbage-first heap   total 2752512K, used 1518834K [0x00007f5f84000000, 0x00007f7884000000)
  region size 16384K, 18 young (294912K), 2 survivors (32768K)
 Metaspace       used 19344K, capacity 19585K, committed 19712K, reserved 20480K
}

