# JRE version: OpenJDK Runtime Environment (10.0.2+13) (build 10.0.2+13-Ubuntu-1ubuntu0.18.04.3)
# Java VM: OpenJDK 64-Bit Server VM (10.0.2+13-Ubuntu-1ubuntu0.18.04.3, mixed mode, tiered, g1 gc, linux-amd64)
Heap:
 garbage-first heap   total 15482880K, used 1626066K [0x00007ef794000000, 0x00007f1094000000)
  region size 16384K, 2 young (32768K), 2 survivors (32768K)
 Metaspace       used 18054K, capacity 18302K, committed 18432K, reserved 18432K
GC Heap History (10 events):
Event: 1.698 GC heap after
{Heap after GC invocations=12 (full 0):
 garbage-first heap   total 1720320K, used 606208K [0x00007ef794000000, 0x00007f1094000000)
  region size 16384K, 1 young (16384K), 1 survivors (16384K)
 Metaspace       used 18050K, capacity 18302K, committed 18432K, reserved 18432K
}
Event: 1.774 GC heap before
{Heap before GC invocations=12 (full 0):
 garbage-first heap   total 1720320K, used 737280K [0x00007ef794000000, 0x00007f1094000000)
  region size 16384K, 9 young (147456K), 1 survivors (16384K)
 Metaspace       used 18050K, capacity 18302K, committed 18432K, reserved 18432K
}
Event: 1.916 GC heap after
{Heap after GC invocations=13 (full 0):
 garbage-first heap   total 5160960K, used 743438K [0x00007ef794000000, 0x00007f1094000000)
  region size 16384K, 2 young (32768K), 2 survivors (32768K)
 Metaspace       used 18050K, capacity 18302K, committed 18432K, reserved 18432K
}
Event: 2.088 GC heap before
{Heap before GC invocations=13 (full 0):
 garbage-first heap   total 5160960K, used 956430K [0x00007ef794000000, 0x00007f1094000000)
  region size 16384K, 15 young (245760K), 2 survivors (32768K)
 Metaspace       used 18050K, capacity 18302K, committed 18432K, reserved 18432K
}
Event: 2.318 GC heap after
{Heap after GC invocations=14 (full 0):
 garbage-first heap   total 5160960K, used 954573K [0x00007ef794000000, 0x00007f1094000000)
  region size 16384K, 2 young (32768K), 2 survivors (32768K)
 Metaspace       used 18050K, capacity 18302K, committed 18432K, reserved 18432K
}
Event: 2.449 GC heap before
{Heap before GC invocations=14 (full 0):
 garbage-first heap   total 5160960K, used 1167565K [0x00007ef794000000, 0x00007f1094000000)
  region size 16384K, 15 young (245760K), 2 survivors (32768K)
 Metaspace       used 18050K, capacity 18302K, committed 18432K, reserved 18432K
}
Event: 2.665 GC heap after
{Heap after GC invocations=15 (full 0):
 garbage-first heap   total 5160960K, used 1174041K [0x00007ef794000000, 0x00007f1094000000)
  region size 16384K, 2 young (32768K), 2 survivors (32768K)
 Metaspace       used 18050K, capacity 18302K, committed 18432K, reserved 18432K
}
Event: 2.839 GC heap before
{Heap before GC invocations=15 (full 0):
 garbage-first heap   total 5160960K, used 1387033K [0x00007ef794000000, 0x00007f1094000000)
  region size 16384K, 15 young (245760K), 2 survivors (32768K)
 Metaspace       used 18054K, capacity 18302K, committed 18432K, reserved 18432K
}
Event: 3.073 GC heap after
{Heap after GC invocations=16 (full 0):
 garbage-first heap   total 5160960K, used 1396598K [0x00007ef794000000, 0x00007f1094000000)
  region size 16384K, 2 young (32768K), 2 survivors (32768K)
 Metaspace       used 18054K, capacity 18302K, committed 18432K, reserved 18432K
}
Event: 3.247 GC heap before
{Heap before GC invocations=16 (full 0):
 garbage-first heap   total 5160960K, used 1609590K [0x00007ef794000000, 0x00007f1094000000)
  region size 16384K, 15 young (245760K), 2 survivors (32768K)
 Metaspace       used 18054K, capacity 18302K, committed 18432K, reserved 18432K
}

