# JRE version: OpenJDK Runtime Environment (10.0.2+13) (build 10.0.2+13-Ubuntu-1ubuntu0.18.04.4)
# Java VM: OpenJDK 64-Bit Server VM (10.0.2+13-Ubuntu-1ubuntu0.18.04.4, mixed mode, tiered, g1 gc, linux-amd64)
Heap:
 garbage-first heap   total 14155776K, used 1257695K [0x00007f7e0c000000, 0x00007f970c000000)
  region size 16384K, 1 young (16384K), 1 survivors (16384K)
 Metaspace       used 19205K, capacity 19457K, committed 19712K, reserved 20480K
GC Heap History (10 events):
Event: 1.849 GC heap after
{Heap after GC invocations=12 (full 0):
 garbage-first heap   total 1572864K, used 624420K [0x00007f7e0c000000, 0x00007f970c000000)
  region size 16384K, 2 young (32768K), 2 survivors (32768K)
 Metaspace       used 18053K, capacity 18304K, committed 18432K, reserved 18432K
}
Event: 2.322 GC heap before
{Heap before GC invocations=12 (full 0):
 garbage-first heap   total 1572864K, used 755492K [0x00007f7e0c000000, 0x00007f970c000000)
  region size 16384K, 10 young (163840K), 2 survivors (32768K)
 Metaspace       used 18554K, capacity 18816K, committed 18944K, reserved 20480K
}
Event: 2.433 GC heap after
{Heap after GC invocations=13 (full 0):
 garbage-first heap   total 4718592K, used 747717K [0x00007f7e0c000000, 0x00007f970c000000)
  region size 16384K, 2 young (32768K), 2 survivors (32768K)
 Metaspace       used 18554K, capacity 18816K, committed 18944K, reserved 20480K
}
Event: 2.689 GC heap before
{Heap before GC invocations=13 (full 0):
 garbage-first heap   total 4718592K, used 944325K [0x00007f7e0c000000, 0x00007f970c000000)
  region size 16384K, 14 young (229376K), 2 survivors (32768K)
 Metaspace       used 18796K, capacity 19009K, committed 19200K, reserved 20480K
}
Event: 2.744 GC heap after
{Heap after GC invocations=14 (full 0):
 garbage-first heap   total 4718592K, used 940535K [0x00007f7e0c000000, 0x00007f970c000000)
  region size 16384K, 2 young (32768K), 2 survivors (32768K)
 Metaspace       used 18796K, capacity 19009K, committed 19200K, reserved 20480K
}
Event: 2.833 GC heap before
{Heap before GC invocations=14 (full 0):
 garbage-first heap   total 4718592K, used 1137143K [0x00007f7e0c000000, 0x00007f970c000000)
  region size 16384K, 14 young (229376K), 2 survivors (32768K)
 Metaspace       used 18799K, capacity 19009K, committed 19200K, reserved 20480K
}
Event: 2.877 GC heap after
{Heap after GC invocations=15 (full 0):
 garbage-first heap   total 4718592K, used 1150145K [0x00007f7e0c000000, 0x00007f970c000000)
  region size 16384K, 2 young (32768K), 2 survivors (32768K)
 Metaspace       used 18799K, capacity 19009K, committed 19200K, reserved 20480K
}
Event: 4.026 GC heap before
{Heap before GC invocations=15 (full 0):
 garbage-first heap   total 4718592K, used 1346753K [0x00007f7e0c000000, 0x00007f970c000000)
  region size 16384K, 14 young (229376K), 2 survivors (32768K)
 Metaspace       used 19205K, capacity 19457K, committed 19712K, reserved 20480K
}
Event: 4.048 GC heap after
{Heap after GC invocations=16 (full 0):
 garbage-first heap   total 4718592K, used 1239810K [0x00007f7e0c000000, 0x00007f970c000000)
  region size 16384K, 2 young (32768K), 2 survivors (32768K)
 Metaspace       used 19205K, capacity 19457K, committed 19712K, reserved 20480K
}
Event: 6.057 GC heap before
{Heap before GC invocations=16 (full 0):
 garbage-first heap   total 4718592K, used 1501954K [0x00007f7e0c000000, 0x00007f970c000000)
  region size 16384K, 18 young (294912K), 2 survivors (32768K)
 Metaspace       used 19205K, capacity 19457K, committed 19712K, reserved 20480K
}

