# JRE version: OpenJDK Runtime Environment (10.0.2+13) (build 10.0.2+13-Ubuntu-1ubuntu0.18.04.4)
# Java VM: OpenJDK 64-Bit Server VM (10.0.2+13-Ubuntu-1ubuntu0.18.04.4, mixed mode, tiered, g1 gc, linux-amd64)
Heap:
 garbage-first heap   total 14598144K, used 1263638K [0x00007f6170000000, 0x00007f7a70000000)
  region size 16384K, 1 young (16384K), 1 survivors (16384K)
 Metaspace       used 19203K, capacity 19456K, committed 19712K, reserved 20480K
GC Heap History (10 events):
Event: 1.842 GC heap after
{Heap after GC invocations=12 (full 0):
 garbage-first heap   total 1622016K, used 643034K [0x00007f6170000000, 0x00007f7a70000000)
  region size 16384K, 2 young (32768K), 2 survivors (32768K)
 Metaspace       used 18044K, capacity 18304K, committed 18432K, reserved 18432K
}
Event: 2.302 GC heap before
{Heap before GC invocations=12 (full 0):
 garbage-first heap   total 1622016K, used 757722K [0x00007f6170000000, 0x00007f7a70000000)
  region size 16384K, 9 young (147456K), 2 survivors (32768K)
 Metaspace       used 18546K, capacity 18816K, committed 18944K, reserved 20480K
}
Event: 2.396 GC heap after
{Heap after GC invocations=13 (full 0):
 garbage-first heap   total 4866048K, used 752243K [0x00007f6170000000, 0x00007f7a70000000)
  region size 16384K, 2 young (32768K), 2 survivors (32768K)
 Metaspace       used 18546K, capacity 18816K, committed 18944K, reserved 20480K
}
Event: 2.656 GC heap before
{Heap before GC invocations=13 (full 0):
 garbage-first heap   total 4866048K, used 948851K [0x00007f6170000000, 0x00007f7a70000000)
  region size 16384K, 14 young (229376K), 2 survivors (32768K)
 Metaspace       used 18779K, capacity 19008K, committed 19200K, reserved 20480K
}
Event: 2.709 GC heap after
{Heap after GC invocations=14 (full 0):
 garbage-first heap   total 4866048K, used 943887K [0x00007f6170000000, 0x00007f7a70000000)
  region size 16384K, 2 young (32768K), 2 survivors (32768K)
 Metaspace       used 18779K, capacity 19008K, committed 19200K, reserved 20480K
}
Event: 2.799 GC heap before
{Heap before GC invocations=14 (full 0):
 garbage-first heap   total 4866048K, used 1140495K [0x00007f6170000000, 0x00007f7a70000000)
  region size 16384K, 14 young (229376K), 2 survivors (32768K)
 Metaspace       used 18783K, capacity 19008K, committed 19200K, reserved 20480K
}
Event: 2.838 GC heap after
{Heap after GC invocations=15 (full 0):
 garbage-first heap   total 4866048K, used 1156513K [0x00007f6170000000, 0x00007f7a70000000)
  region size 16384K, 2 young (32768K), 2 survivors (32768K)
 Metaspace       used 18783K, capacity 19008K, committed 19200K, reserved 20480K
}
Event: 3.937 GC heap before
{Heap before GC invocations=15 (full 0):
 garbage-first heap   total 4866048K, used 1353121K [0x00007f6170000000, 0x00007f7a70000000)
  region size 16384K, 14 young (229376K), 2 survivors (32768K)
 Metaspace       used 19203K, capacity 19456K, committed 19712K, reserved 20480K
}
Event: 3.959 GC heap after
{Heap after GC invocations=16 (full 0):
 garbage-first heap   total 4866048K, used 1245184K [0x00007f6170000000, 0x00007f7a70000000)
  region size 16384K, 2 young (32768K), 2 survivors (32768K)
 Metaspace       used 19203K, capacity 19456K, committed 19712K, reserved 20480K
}
Event: 6.061 GC heap before
{Heap before GC invocations=16 (full 0):
 garbage-first heap   total 4866048K, used 1523712K [0x00007f6170000000, 0x00007f7a70000000)
  region size 16384K, 19 young (311296K), 2 survivors (32768K)
 Metaspace       used 19203K, capacity 19456K, committed 19712K, reserved 20480K
}

