# JRE version: OpenJDK Runtime Environment (10.0.2+13) (build 10.0.2+13-Ubuntu-1ubuntu0.18.04.3)
# Java VM: OpenJDK 64-Bit Server VM (10.0.2+13-Ubuntu-1ubuntu0.18.04.3, mixed mode, tiered, g1 gc, linux-amd64)
Heap:
 garbage-first heap   total 8257536K, used 1263518K [0x00007f8d60000000, 0x00007fa660000000)
  region size 16384K, 1 young (16384K), 1 survivors (16384K)
 Metaspace       used 19368K, capacity 19648K, committed 19712K, reserved 20480K
GC Heap History (10 events):
Event: 1.307 GC heap after
{Heap after GC invocations=12 (full 0):
 garbage-first heap   total 917504K, used 580195K [0x00007f8d60000000, 0x00007fa660000000)
  region size 16384K, 1 young (16384K), 1 survivors (16384K)
 Metaspace       used 19288K, capacity 19520K, committed 19712K, reserved 20480K
}
Event: 1.353 GC heap before
{Heap before GC invocations=12 (full 0):
 garbage-first heap   total 917504K, used 645731K [0x00007f8d60000000, 0x00007fa660000000)
  region size 16384K, 5 young (81920K), 1 survivors (16384K)
 Metaspace       used 19288K, capacity 19520K, committed 19712K, reserved 20480K
}
Event: 1.376 GC heap after
{Heap after GC invocations=13 (full 0):
 garbage-first heap   total 2752512K, used 657075K [0x00007f8d60000000, 0x00007fa660000000)
  region size 16384K, 1 young (16384K), 1 survivors (16384K)
 Metaspace       used 19288K, capacity 19520K, committed 19712K, reserved 20480K
}
Event: 1.529 GC heap before
{Heap before GC invocations=14 (full 0):
 garbage-first heap   total 2752512K, used 837299K [0x00007f8d60000000, 0x00007fa660000000)
  region size 16384K, 11 young (180224K), 1 survivors (16384K)
 Metaspace       used 19288K, capacity 19520K, committed 19712K, reserved 20480K
}
Event: 1.579 GC heap after
{Heap after GC invocations=15 (full 0):
 garbage-first heap   total 2752512K, used 844052K [0x00007f8d60000000, 0x00007fa660000000)
  region size 16384K, 2 young (32768K), 2 survivors (32768K)
 Metaspace       used 19288K, capacity 19520K, committed 19712K, reserved 20480K
}
Event: 1.724 GC heap before
{Heap before GC invocations=15 (full 0):
 garbage-first heap   total 2752512K, used 1138964K [0x00007f8d60000000, 0x00007fa660000000)
  region size 16384K, 15 young (245760K), 2 survivors (32768K)
 Metaspace       used 19288K, capacity 19520K, committed 19712K, reserved 20480K
}
Event: 1.807 GC heap after
{Heap after GC invocations=16 (full 0):
 garbage-first heap   total 2752512K, used 1149444K [0x00007f8d60000000, 0x00007fa660000000)
  region size 16384K, 2 young (32768K), 2 survivors (32768K)
 Metaspace       used 19288K, capacity 19520K, committed 19712K, reserved 20480K
}
Event: 1.959 GC heap before
{Heap before GC invocations=16 (full 0):
 garbage-first heap   total 2752512K, used 1362436K [0x00007f8d60000000, 0x00007fa660000000)
  region size 16384K, 15 young (245760K), 2 survivors (32768K)
 Metaspace       used 19368K, capacity 19648K, committed 19712K, reserved 20480K
}
Event: 1.993 GC heap after
{Heap after GC invocations=17 (full 0):
 garbage-first heap   total 2752512K, used 1249019K [0x00007f8d60000000, 0x00007fa660000000)
  region size 16384K, 2 young (32768K), 2 survivors (32768K)
 Metaspace       used 19368K, capacity 19648K, committed 19712K, reserved 20480K
}
Event: 2.114 GC heap before
{Heap before GC invocations=17 (full 0):
 garbage-first heap   total 2752512K, used 1527547K [0x00007f8d60000000, 0x00007fa660000000)
  region size 16384K, 19 young (311296K), 2 survivors (32768K)
 Metaspace       used 19368K, capacity 19648K, committed 19712K, reserved 20480K
}

